Arguments: 
  /usr/bin/node /usr/local/bin/yarn install

PATH: 
  /home/zidna/.local/bin:/home/zidna/.cargo/bin:/home/zidna/.local/bin:/usr/local/sbin:/usr/local/bin:/usr/sbin:/usr/bin:/sbin:/bin:/usr/games:/usr/local/games:/snap/bin:/home/zidna/.config/composer/vendor/bin:/home/zidna/.config/composer/vendor/bin:/home/zidna/.npm-global/bin

Yarn version: 
  1.22.10

Node version: 
  14.18.1

Platform: 
  linux x64

Trace: 
  SyntaxError: /home/zidna/sites/cdn.my-topup/package.json: Unexpected end of JSON input
      at JSON.parse (<anonymous>)
      at /usr/local/lib/node_modules/yarn/lib/cli.js:1625:59
      at Generator.next (<anonymous>)
      at step (/usr/local/lib/node_modules/yarn/lib/cli.js:310:30)
      at /usr/local/lib/node_modules/yarn/lib/cli.js:321:13

npm manifest: 
  {
    "name": "cdn.my-topup",
    "version": "1.0.0",
    "main": "index.ts",
    "license": "MIT",
    "scripts": {
      "dev": "nodemon index.ts",
      "build": "tsc -p tsconfig.json",
      "start": "node dist/index.js"
    },
    "dependencies": {
      "fastify": "^3.15.1"
    },
    "devDependencies": {
      "@types/node": "^15.6.1",
      "nodemon": "^2.0.7",
      "ts-node": "^10.0.0",
      "typescript": "^4.2.4"
  }

yarn manifest: 
  No manifest

Lockfile: 
  No lockfile
